CompileCommand: exclude com/intellij/openapi/vfs/impl/FilePartNodeRoot.trieDescend bool exclude = true
2024-10-24 14:47:44,507 [    928]   WARN - #c.i.s.ComponentManagerImpl - com.android.tools.idea.flags.StudioFlags <clinit> requests com.android.tools.idea.flags.StudioFlagSettings instance. Class initialization must not depend on services. Consider using instance of the service on-demand instead.
2024-10-24 14:47:46,220 [   2641]   WARN - #c.i.s.ComponentManagerImpl - org.jetbrains.kotlin.idea.gradleJava.scripting.roots.GradleBuildRootDataSerializer <clinit> requests com.intellij.util.gist.storage.GistStorage instance. Class initialization must not depend on services. Consider using instance of the service on-demand instead.
2024-10-24 14:47:47,572 [   3993]   WARN - #c.i.u.j.JBCefApp - JCefAppConfig.class is not from a JBR module, url: jar:file:/home/lta/android-studio/lib/lib.jar!/com/jetbrains/cef/JCefAppConfig.class (Use JBR bundled with the IDE)
2024-10-24 14:47:49,666 [   6087]   WARN - #com.android.tools.ndk.HotfixForOCInitialTablesBuildingActivity - Overriding OCInitialTablesBuildingActivity with HotfixForOCInitialTablesBuildingActivity
2024-10-24 14:47:49,672 [   6093]   WARN - #c.i.u.x.Binding - No accessors for com.intellij.openapi.roots.libraries.DummyLibraryProperties. This means that state class cannot be serialized properly. Please see https://jb.gg/ij-psoc
2024-10-24 14:47:50,320 [   6741]   WARN - #c.i.i.s.i.StartupManagerImpl - Migrate io.flutter.FlutterInitializer to ProjectActivity [Plugin: io.flutter]
com.intellij.diagnostic.PluginException: Migrate io.flutter.FlutterInitializer to ProjectActivity [Plugin: io.flutter]
	at com.intellij.ide.startup.impl.StartupManagerImpl.runPostStartupActivities(StartupManagerImpl.kt:276)
	at com.intellij.ide.startup.impl.StartupManagerImpl.access$runPostStartupActivities(StartupManagerImpl.kt:68)
	at com.intellij.ide.startup.impl.StartupManagerImpl$runPostStartupActivities$3$2.invokeSuspend(StartupManagerImpl.kt:191)
	at com.intellij.ide.startup.impl.StartupManagerImpl$runPostStartupActivities$3$2.invoke(StartupManagerImpl.kt)
	at com.intellij.ide.startup.impl.StartupManagerImpl$runPostStartupActivities$3$2.invoke(StartupManagerImpl.kt)
	at kotlinx.coroutines.intrinsics.UndispatchedKt.startUndispatchedOrReturn(Undispatched.kt:78)
	at kotlinx.coroutines.BuildersKt__Builders_commonKt.withContext(Builders.common.kt:167)
	at kotlinx.coroutines.BuildersKt.withContext(Unknown Source)
	at com.intellij.ide.startup.impl.StartupManagerImpl$runPostStartupActivities$3.invokeSuspend(StartupManagerImpl.kt:190)
	at kotlin.coroutines.jvm.internal.BaseContinuationImpl.resumeWith(ContinuationImpl.kt:33)
	at kotlinx.coroutines.DispatchedTask.run(DispatchedTask.kt:108)
	at kotlinx.coroutines.scheduling.CoroutineScheduler.runSafely(CoroutineScheduler.kt:584)
	at kotlinx.coroutines.scheduling.CoroutineScheduler$Worker.executeTask(CoroutineScheduler.kt:793)
	at kotlinx.coroutines.scheduling.CoroutineScheduler$Worker.runWorker(CoroutineScheduler.kt:697)
	at kotlinx.coroutines.scheduling.CoroutineScheduler$Worker.run(CoroutineScheduler.kt:684)
2024-10-24 14:47:50,328 [   6749]   WARN - #c.i.i.s.i.StartupManagerImpl - Migrate io.flutter.FlutterStudioStartupActivity to ProjectActivity [Plugin: io.flutter]
com.intellij.diagnostic.PluginException: Migrate io.flutter.FlutterStudioStartupActivity to ProjectActivity [Plugin: io.flutter]
	at com.intellij.ide.startup.impl.StartupManagerImpl.runPostStartupActivities(StartupManagerImpl.kt:276)
	at com.intellij.ide.startup.impl.StartupManagerImpl.access$runPostStartupActivities(StartupManagerImpl.kt:68)
	at com.intellij.ide.startup.impl.StartupManagerImpl$runPostStartupActivities$3$2.invokeSuspend(StartupManagerImpl.kt:191)
	at com.intellij.ide.startup.impl.StartupManagerImpl$runPostStartupActivities$3$2.invoke(StartupManagerImpl.kt)
	at com.intellij.ide.startup.impl.StartupManagerImpl$runPostStartupActivities$3$2.invoke(StartupManagerImpl.kt)
	at kotlinx.coroutines.intrinsics.UndispatchedKt.startUndispatchedOrReturn(Undispatched.kt:78)
	at kotlinx.coroutines.BuildersKt__Builders_commonKt.withContext(Builders.common.kt:167)
	at kotlinx.coroutines.BuildersKt.withContext(Unknown Source)
	at com.intellij.ide.startup.impl.StartupManagerImpl$runPostStartupActivities$3.invokeSuspend(StartupManagerImpl.kt:190)
	at kotlin.coroutines.jvm.internal.BaseContinuationImpl.resumeWith(ContinuationImpl.kt:33)
	at kotlinx.coroutines.DispatchedTask.run(DispatchedTask.kt:108)
	at kotlinx.coroutines.scheduling.CoroutineScheduler.runSafely(CoroutineScheduler.kt:584)
	at kotlinx.coroutines.scheduling.CoroutineScheduler$Worker.executeTask(CoroutineScheduler.kt:793)
	at kotlinx.coroutines.scheduling.CoroutineScheduler$Worker.runWorker(CoroutineScheduler.kt:697)
	at kotlinx.coroutines.scheduling.CoroutineScheduler$Worker.run(CoroutineScheduler.kt:684)
2024-10-24 14:47:51,234 [   7655]   WARN - #c.i.s.ComponentManagerImpl - com.jetbrains.cidr.lang.settings.OCCustomOptionCpp <clinit> requests com.intellij.util.LocaleSensitiveApplicationCacheService instance. Class initialization must not depend on services. Consider using instance of the service on-demand instead.
2024-10-24 14:47:51,417 [   7838]   WARN - #com.android.ddmlib - * daemon not running; starting now at tcp:5037
2024-10-24 14:47:52,423 [   8844]   WARN - #com.android.ddmlib - * daemon started successfully
2024-10-24 14:47:54,805 [  11226]   WARN - #c.i.o.v.n.p.PersistentFSImpl - Can't find root[#53722] in persistence
2024-10-24 14:47:55,377 [  11798]   WARN - Discord - Error connecting to ipc
dev.cbyrne.kdiscordipc.core.error.ConnectionError$Failed: Failed to connect to socket.
	at dev.cbyrne.kdiscordipc.core.error.ConnectionError$Failed.<clinit>(ConnectionError.kt)
	at dev.cbyrne.kdiscordipc.core.socket.handler.SocketHandler.connect(SocketHandler.kt:92)
	at dev.cbyrne.kdiscordipc.KDiscordIPC.connect(KDiscordIPC.kt:87)
	at dev.cbyrne.kdiscordipc.KDiscordIPC.connect$default(KDiscordIPC.kt:80)
	at dev.azn9.plugins.discord.rpc.connection.DiscordIpcConnection$connect$2$1.invokeSuspend(DiscordIpcConnection.kt:65)
	at dev.azn9.plugins.discord.rpc.connection.DiscordIpcConnection$connect$2$1.invoke(DiscordIpcConnection.kt)
	at dev.azn9.plugins.discord.rpc.connection.DiscordIpcConnection$connect$2$1.invoke(DiscordIpcConnection.kt)
	at kotlinx.coroutines.intrinsics.UndispatchedKt.startUndispatchedOrReturnIgnoreTimeout(Undispatched.kt:89)
	at kotlinx.coroutines.TimeoutKt.setupTimeout(Timeout.kt:151)
	at kotlinx.coroutines.TimeoutKt.withTimeoutOrNull(Timeout.kt:107)
	at dev.azn9.plugins.discord.rpc.connection.DiscordIpcConnection$connect$2.invokeSuspend(DiscordIpcConnection.kt:64)
	at kotlin.coroutines.jvm.internal.BaseContinuationImpl.resumeWith(ContinuationImpl.kt:33)
	at kotlinx.coroutines.DispatchedTask.run(DispatchedTask.kt:108)
	at kotlinx.coroutines.scheduling.CoroutineScheduler.runSafely(CoroutineScheduler.kt:584)
	at kotlinx.coroutines.scheduling.CoroutineScheduler$Worker.executeTask(CoroutineScheduler.kt:793)
	at kotlinx.coroutines.scheduling.CoroutineScheduler$Worker.runWorker(CoroutineScheduler.kt:697)
	at kotlinx.coroutines.scheduling.CoroutineScheduler$Worker.run(CoroutineScheduler.kt:684)
2024-10-24 14:48:07,617 [  24038]   WARN - #c.i.u.x.Binding - No accessors for org.jetbrains.kotlin.cli.common.arguments.InternalArgument. This means that state class cannot be serialized properly. Please see https://jb.gg/ij-psoc
2024-10-24 14:48:32,943 [  49364]   WARN - #c.i.o.p.i.j.JdkAuto - Multiple SdkType candidates kotlin.sequences.TransformingSequence@548d417f. Proceeding with a first candidate: JavaSDK
2024-10-24 14:48:44,317 [  60738]   WARN - #c.i.u.x.Binding - No accessors for com.intellij.platform.feedback.impl.state.DontShowAgainFeedbackState. This means that state class cannot be serialized properly. Please see https://jb.gg/ij-psoc
2024-10-24 14:48:44,317 [  60738]   WARN - #c.i.u.x.Binding - No accessors for com.intellij.platform.feedback.impl.state.CommonFeedbackSurveysState. This means that state class cannot be serialized properly. Please see https://jb.gg/ij-psoc
2024-10-24 14:49:12,167 [  88588]   WARN - #c.i.o.m.LanguageLevelUtil - File not found: api23.txt
2024-10-24 14:49:24,204 [ 100625]   WARN - #c.i.s.ComponentManagerImpl - com.android.tools.idea.logcat.messages.FormattingOptionsKt <clinit> requests com.android.tools.idea.logcat.messages.AndroidLogcatFormattingOptions instance. Class initialization must not depend on services. Consider using instance of the service on-demand instead.
2024-10-24 14:49:31,103 [ 107524]   WARN - Emulator: Pixel 4 API 24 - File System is not ext4, disable QuickbootFileBacked feature
2024-10-24 14:49:31,103 [ 107524]   WARN - Emulator: Pixel 4 API 24 - FeatureControl is requesting a non existing feature.
2024-10-24 14:49:31,275 [ 107696]   WARN - Emulator: Pixel 4 API 24 - FeatureControl is requesting a non existing feature.
2024-10-24 14:49:31,275 [ 107696]   WARN - Emulator: Pixel 4 API 24 - FeatureControl is requesting a non existing feature.
2024-10-24 14:49:31,682 [ 108103]   WARN - Emulator: Pixel 4 API 24 - *** Basic token auth should only be used by android-studio ***
2024-10-24 14:49:31,837 [ 108258]   WARN - #c.i.o.a.ActionStub - ActionGroup should be registered using <group> tag: id="android.device.liveedit.status" class="com.android.tools.idea.editors.liveedit.ui.LiveEditNotificationGroup"
2024-10-24 14:49:32,325 [ 108746]   WARN - #com.android.tools.idea.streaming.emulator.EmulatorController - android.emulation.control.EmulatorController/getDisplayConfigurations call failed - FAILED_PRECONDITION: The multi-display feature is not available
2024-10-24 14:49:39,779 [ 116200]   WARN - #com.android.tools.idea.adb.processnamemonitor.ProcessNameMonitorService - AgentProcessTracker: emulator-5554: process-tracker error: WARNING: linker: /data/local/tmp/.studio/process-tracker: unsupported flags DT_FLAGS_1=0x8000001
2024-10-24 14:50:34,609 [ 171030]   WARN - #c.i.u.x.Binding - No accessors for com.android.tools.idea.logcat.messages.NameFormat. This means that state class cannot be serialized properly. Please see https://jb.gg/ij-psoc
2024-10-24 14:50:34,609 [ 171030]   WARN - #c.i.u.x.Binding - No accessors for com.android.tools.idea.logcat.messages.LevelFormat. This means that state class cannot be serialized properly. Please see https://jb.gg/ij-psoc
2024-10-24 14:50:34,609 [ 171030]   WARN - #c.i.u.x.Binding - No accessors for com.android.tools.idea.logcat.messages.ProcessThreadFormat. This means that state class cannot be serialized properly. Please see https://jb.gg/ij-psoc
2024-10-24 14:50:34,610 [ 171031]   WARN - #c.i.u.x.Binding - No accessors for com.android.tools.idea.logcat.messages.TagFormat. This means that state class cannot be serialized properly. Please see https://jb.gg/ij-psoc
2024-10-24 14:50:34,610 [ 171031]   WARN - #c.i.u.x.Binding - No accessors for com.android.tools.idea.logcat.messages.TimestampFormat. This means that state class cannot be serialized properly. Please see https://jb.gg/ij-psoc
2024-10-24 14:51:40,590 [ 237011] SEVERE - #c.i.i.p.PluginManager - bad offset/length
java.lang.ArrayIndexOutOfBoundsException: bad offset/length
	at java.desktop/sun.java2d.SunGraphics2D.drawChars(SunGraphics2D.java:3025)
	at com.intellij.openapi.editor.impl.view.SimpleTextFragment.lambda$draw$0(SimpleTextFragment.java:46)
	at com.intellij.openapi.editor.impl.view.EditorPainter$Session.lambda$paintTextWithEffects$4(EditorPainter.java:655)
	at java.base/java.util.ArrayList.forEach(ArrayList.java:1511)
	at com.intellij.openapi.editor.impl.view.EditorPainter$Session.paintTextWithEffects(EditorPainter.java:655)
	at com.intellij.openapi.editor.impl.view.EditorPainter$Session.paint(EditorPainter.java:195)
	at com.intellij.openapi.editor.impl.view.EditorPainter.paint(EditorPainter.java:72)
	at com.intellij.openapi.editor.impl.view.EditorView.paint(EditorView.java:281)
	at com.intellij.openapi.editor.impl.EditorImpl.lambda$paint$48(EditorImpl.java:2057)
	at com.intellij.openapi.application.impl.RwLockHolder.runReadAction(RwLockHolder.kt:254)
	at com.intellij.openapi.application.impl.ApplicationImpl.runReadAction(ApplicationImpl.java:840)
	at com.intellij.openapi.editor.impl.EditorImpl.paint(EditorImpl.java:2047)
	at com.intellij.openapi.editor.impl.EditorComponentImpl.paintComponent(EditorComponentImpl.java:289)
	at java.desktop/javax.swing.JComponent.paint(JComponent.java:1115)
	at com.intellij.openapi.editor.impl.EditorComponentImpl.paint(EditorComponentImpl.java:156)
	at java.desktop/javax.swing.JComponent.paintChildren(JComponent.java:955)
	at java.desktop/javax.swing.JComponent.paint(JComponent.java:1124)
	at java.desktop/javax.swing.JViewport.paint(JViewport.java:736)
	at com.intellij.ui.components.JBViewport.paint(JBViewport.java:235)
	at java.desktop/javax.swing.JComponent.paintChildren(JComponent.java:955)
	at java.desktop/javax.swing.JComponent.paint(JComponent.java:1124)
	at java.desktop/javax.swing.JComponent.paintChildren(JComponent.java:955)
	at java.desktop/javax.swing.JComponent.paint(JComponent.java:1124)
	at java.desktop/javax.swing.JLayeredPane.paint(JLayeredPane.java:586)
	at java.desktop/javax.swing.JComponent.paintToOffscreen(JComponent.java:5312)
	at java.desktop/javax.swing.BufferStrategyPaintManager.paint(BufferStrategyPaintManager.java:247)
	at java.desktop/javax.swing.RepaintManager.paint(RepaintManager.java:1347)
	at java.desktop/javax.swing.JComponent._paintImmediately(JComponent.java:5260)
	at java.desktop/javax.swing.JComponent.paintImmediately(JComponent.java:5070)
	at java.desktop/javax.swing.RepaintManager$4.run(RepaintManager.java:882)
	at java.desktop/javax.swing.RepaintManager$4.run(RepaintManager.java:865)
	at java.base/java.security.AccessController.doPrivileged(AccessController.java:399)
	at java.base/java.security.ProtectionDomain$JavaSecurityAccessImpl.doIntersectionPrivilege(ProtectionDomain.java:86)
	at java.desktop/javax.swing.RepaintManager.paintDirtyRegions(RepaintManager.java:865)
	at java.desktop/javax.swing.RepaintManager.paintDirtyRegions(RepaintManager.java:838)
	at java.desktop/javax.swing.RepaintManager.prePaintDirtyRegions(RepaintManager.java:787)
	at java.desktop/javax.swing.RepaintManager$ProcessingRunnable.run(RepaintManager.java:1909)
	at java.desktop/java.awt.event.InvocationEvent.dispatch(InvocationEvent.java:318)
	at java.desktop/java.awt.EventQueue.dispatchEventImpl(EventQueue.java:792)
	at java.desktop/java.awt.EventQueue$3.run(EventQueue.java:739)
	at java.desktop/java.awt.EventQueue$3.run(EventQueue.java:733)
	at java.base/java.security.AccessController.doPrivileged(AccessController.java:399)
	at java.base/java.security.ProtectionDomain$JavaSecurityAccessImpl.doIntersectionPrivilege(ProtectionDomain.java:86)
	at java.desktop/java.awt.EventQueue.dispatchEvent(EventQueue.java:761)
	at com.intellij.ide.IdeEventQueue.defaultDispatchEvent(IdeEventQueue.kt:699)
	at com.intellij.ide.IdeEventQueue._dispatchEvent$lambda$12(IdeEventQueue.kt:593)
	at com.intellij.openapi.application.impl.RwLockHolder.runWithoutImplicitRead(RwLockHolder.kt:105)
	at com.intellij.ide.IdeEventQueue._dispatchEvent(IdeEventQueue.kt:593)
	at com.intellij.ide.IdeEventQueue.access$_dispatchEvent(IdeEventQueue.kt:77)
	at com.intellij.ide.IdeEventQueue$dispatchEvent$processEventRunnable$1$1$1.compute(IdeEventQueue.kt:362)
	at com.intellij.ide.IdeEventQueue$dispatchEvent$processEventRunnable$1$1$1.compute(IdeEventQueue.kt:361)
	at com.intellij.openapi.progress.impl.CoreProgressManager.computePrioritized(CoreProgressManager.java:843)
	at com.intellij.ide.IdeEventQueue$dispatchEvent$processEventRunnable$1$1.invoke(IdeEventQueue.kt:361)
	at com.intellij.ide.IdeEventQueue$dispatchEvent$processEventRunnable$1$1.invoke(IdeEventQueue.kt:356)
	at com.intellij.ide.IdeEventQueueKt.performActivity$lambda$1(IdeEventQueue.kt:1022)
	at com.intellij.openapi.application.TransactionGuardImpl.performActivity(TransactionGuardImpl.java:106)
	at com.intellij.ide.IdeEventQueueKt.performActivity(IdeEventQueue.kt:1022)
	at com.intellij.ide.IdeEventQueue.dispatchEvent$lambda$7(IdeEventQueue.kt:356)
	at com.intellij.ide.IdeEventQueue.dispatchEvent(IdeEventQueue.kt:393)
	at java.desktop/java.awt.EventDispatchThread.pumpOneEventForFilters(EventDispatchThread.java:207)
	at java.desktop/java.awt.EventDispatchThread.pumpEventsForFilter(EventDispatchThread.java:128)
	at java.desktop/java.awt.EventDispatchThread.pumpEventsForHierarchy(EventDispatchThread.java:117)
	at java.desktop/java.awt.EventDispatchThread.pumpEvents(EventDispatchThread.java:113)
	at java.desktop/java.awt.EventDispatchThread.pumpEvents(EventDispatchThread.java:105)
	at java.desktop/java.awt.EventDispatchThread.run(EventDispatchThread.java:92)
2024-10-24 14:51:40,619 [ 237040] SEVERE - #c.i.i.p.PluginManager - Android Studio Koala Feature Drop | 2024.1.2  Build #AI-241.18034.62.2412.12266719
2024-10-24 14:51:40,620 [ 237041] SEVERE - #c.i.i.p.PluginManager - JDK: 17.0.11; VM: OpenJDK 64-Bit Server VM; Vendor: JetBrains s.r.o.
2024-10-24 14:51:40,620 [ 237041] SEVERE - #c.i.i.p.PluginManager - OS: Linux
2024-10-24 14:51:40,620 [ 237041] SEVERE - #c.i.i.p.PluginManager - Last Action: ShowIntentionActions
2024-10-24 14:52:44,691 [ 301112]   WARN - #com.android.tools.idea.analytics.SystemInfoStatsMonitor - CpuInfoFlags.fromExitCode(): unknown flag values '0x80'
2024-10-24 14:52:50,436 [ 306857]   WARN - org.apache.velocity.deprecation - configuration key 'resource.loader' has been deprecated in favor of 'resource.loaders'
2024-10-24 14:52:50,437 [ 306858]   WARN - org.apache.velocity.deprecation - configuration key 'includes.resource.loader.instance' has been deprecated in favor of 'resource.loader.includes.instance'
2024-10-24 14:57:44,299 [ 600720]   WARN - #c.i.u.x.Binding - No accessors for com.intellij.toolWindow.ToolWindowLayoutStorageManagerState. This means that state class cannot be serialized properly. Please see https://jb.gg/ij-psoc
2024-10-24 14:59:26,976 [ 703397]   WARN - #com.android.studio.ml.aida.AidaMetricsListener - Completion CES error
aida.io.grpc.StatusRuntimeException: UNAUTHENTICATED
	at aida.io.grpc.Status.asRuntimeException(Status.java:537)
	at aida.io.grpc.stub.ClientCalls$StreamObserverToCallListenerAdapter.onClose(ClientCalls.java:491)
	at aida.io.grpc.internal.ClientCallImpl.closeObserver(ClientCallImpl.java:567)
	at aida.io.grpc.internal.ClientCallImpl.access$300(ClientCallImpl.java:71)
	at aida.io.grpc.internal.ClientCallImpl$ClientStreamListenerImpl$1StreamClosed.runInternal(ClientCallImpl.java:735)
	at aida.io.grpc.internal.ClientCallImpl$ClientStreamListenerImpl$1StreamClosed.runInContext(ClientCallImpl.java:716)
	at aida.io.grpc.internal.ContextRunnable.run(ContextRunnable.java:37)
	at aida.io.grpc.internal.SerializingExecutor.run(SerializingExecutor.java:133)
	at java.base/java.util.concurrent.ThreadPoolExecutor.runWorker(ThreadPoolExecutor.java:1136)
	at java.base/java.util.concurrent.ThreadPoolExecutor$Worker.run(ThreadPoolExecutor.java:635)
	at java.base/java.lang.Thread.run(Thread.java:840)
Caused by: java.lang.Exception: Not authenticated
	at com.android.studio.ml.aida.TokenCallCredentials$applyRequestMetadata$1.run(AidaEndpoint.kt:91)
	... 3 more
2024-10-24 15:06:08,188 [1104609]   WARN - org.apache.velocity.deprecation - configuration key 'resource.loader' has been deprecated in favor of 'resource.loaders'
2024-10-24 15:06:08,189 [1104610]   WARN - org.apache.velocity.deprecation - configuration key 'includes.resource.loader.class' has been deprecated in favor of 'resource.loader.includes.class'
2024-10-24 15:09:20,555 [1296976]   WARN - #c.i.o.a.ActionStub - ActionGroup should be registered using <group> tag: id="Android.CreateResourcesActionGroup" class="org.jetbrains.android.actions.CreateResourceFileActionGroup"
2024-10-24 15:09:20,611 [1297032]   WARN - #c.i.i.a.CopyTBXReferenceAction - Cannot find TBX tool for IDE: AndroidStudio
2024-10-24 15:19:05,585 [1882006]   WARN - #c.i.i.a.CopyTBXReferenceAction - Cannot find TBX tool for IDE: AndroidStudio
2024-10-24 15:19:11,136 [1887557]   WARN - #c.i.i.a.CopyTBXReferenceAction - Cannot find TBX tool for IDE: AndroidStudio
2024-10-24 15:19:51,022 [1927443] SEVERE - #c.i.u.IdempotenceChecker - Non-idempotent computation: it returns different results when invoked multiple times or on different threads:
  7 != 8
  which is length of [com.android.tools.idea.databinding.BindingLayoutGroup@2be30597=[LightBindingClass{qualified name=com.lta.airlock.databinding.ActivityMainBinding, object id=TraceUtils@3D6B32A9}], com.android.tools.idea.databinding.BindingLayoutGroup@f68f1bd=[LightBindingClass{qualified name=com.lta.airlock.databinding.ActivityHomeBinding, object id=TraceUtils@3D6B32A9}], com.android.tools.idea.databinding.BindingLayoutGroup@cc4631c8=[LightBindingClass{qualified name=com.lta.airlock.databinding.ActivityCreateAccountBinding, object id=TraceUtils@3D6B32A9}], com.android.tools.idea.databinding.BindingLayoutGroup@1abe96c5=[LightBindingClass{qualified name=com.lta.airlock.databinding.FragmentFrSportsBinding, object id=TraceUtils@3D6B32A9}], com.android.tools.idea.databinding.BindingLayoutGroup@fb9963db=[LightBindingClass{qualified name=com.lta.airlock.databinding.ActivityLoginBinding, object id=TraceUtils@3D6B32A9}], com.android.tools.idea.databinding.BindingLayoutGroup@9019f63f=[LightBindingClass{qualified name=com.lta.airlock.databinding.RelojitemViewBinding, object id=TraceUtils@3D6B32A9}], com.android.tools.idea.databinding.BindingLayoutGroup@438db0b1=[LightBindingClass{qualified name=com.lta.airlock.databinding.FragmentFrCasualBinding, object id=TraceUtils@3D6B32A9}]] and [com.android.tools.idea.databinding.BindingLayoutGroup@2be30597=[LightBindingClass{qualified name=com.lta.airlock.databinding.ActivityMainBinding, object id=TraceUtils@3D6B32A9}], com.android.tools.idea.databinding.BindingLayoutGroup@f68f1bd=[LightBindingClass{qualified name=com.lta.airlock.databinding.ActivityHomeBinding, object id=TraceUtils@3D6B32A9}], com.android.tools.idea.databinding.BindingLayoutGroup@cc4631c8=[LightBindingClass{qualified name=com.lta.airlock.databinding.ActivityCreateAccountBinding, object id=TraceUtils@3D6B32A9}], com.android.tools.idea.databinding.BindingLayoutGroup@fb9963db=[LightBindingClass{qualified name=com.lta.airlock.databinding.ActivityLoginBinding, object id=TraceUtils@3D6B32A9}], com.android.tools.idea.databinding.BindingLayoutGroup@9019f63f=[LightBindingClass{qualified name=com.lta.airlock.databinding.RelojitemViewBinding, object id=TraceUtils@3D6B32A9}], com.android.tools.idea.databinding.BindingLayoutGroup@438db0b1=[LightBindingClass{qualified name=com.lta.airlock.databinding.FragmentFrCasualBinding, object id=TraceUtils@3D6B32A9}], com.android.tools.idea.databinding.BindingLayoutGroup@142dc248=[LightBindingClass{qualified name=com.lta.airlock.databinding.FragmentFrElegantBinding, object id=TraceUtils@3D6B32A9}], com.android.tools.idea.databinding.BindingLayoutGroup@1abe96c5=[LightBindingClass{qualified name=com.lta.airlock.databinding.FragmentFrSportsBinding, object id=TraceUtils@3D6B32A9}]]

Recomputation gives com.intellij.util.CachedValueBase$Data@191f9350 which is equivalent to 'fresh' [Plugin: org.jetbrains.android]
com.intellij.diagnostic.PluginException: Non-idempotent computation: it returns different results when invoked multiple times or on different threads:
  7 != 8
  which is length of [com.android.tools.idea.databinding.BindingLayoutGroup@2be30597=[LightBindingClass{qualified name=com.lta.airlock.databinding.ActivityMainBinding, object id=TraceUtils@3D6B32A9}], com.android.tools.idea.databinding.BindingLayoutGroup@f68f1bd=[LightBindingClass{qualified name=com.lta.airlock.databinding.ActivityHomeBinding, object id=TraceUtils@3D6B32A9}], com.android.tools.idea.databinding.BindingLayoutGroup@cc4631c8=[LightBindingClass{qualified name=com.lta.airlock.databinding.ActivityCreateAccountBinding, object id=TraceUtils@3D6B32A9}], com.android.tools.idea.databinding.BindingLayoutGroup@1abe96c5=[LightBindingClass{qualified name=com.lta.airlock.databinding.FragmentFrSportsBinding, object id=TraceUtils@3D6B32A9}], com.android.tools.idea.databinding.BindingLayoutGroup@fb9963db=[LightBindingClass{qualified name=com.lta.airlock.databinding.ActivityLoginBinding, object id=TraceUtils@3D6B32A9}], com.android.tools.idea.databinding.BindingLayoutGroup@9019f63f=[LightBindingClass{qualified name=com.lta.airlock.databinding.RelojitemViewBinding, object id=TraceUtils@3D6B32A9}], com.android.tools.idea.databinding.BindingLayoutGroup@438db0b1=[LightBindingClass{qualified name=com.lta.airlock.databinding.FragmentFrCasualBinding, object id=TraceUtils@3D6B32A9}]] and [com.android.tools.idea.databinding.BindingLayoutGroup@2be30597=[LightBindingClass{qualified name=com.lta.airlock.databinding.ActivityMainBinding, object id=TraceUtils@3D6B32A9}], com.android.tools.idea.databinding.BindingLayoutGroup@f68f1bd=[LightBindingClass{qualified name=com.lta.airlock.databinding.ActivityHomeBinding, object id=TraceUtils@3D6B32A9}], com.android.tools.idea.databinding.BindingLayoutGroup@cc4631c8=[LightBindingClass{qualified name=com.lta.airlock.databinding.ActivityCreateAccountBinding, object id=TraceUtils@3D6B32A9}], com.android.tools.idea.databinding.BindingLayoutGroup@fb9963db=[LightBindingClass{qualified name=com.lta.airlock.databinding.ActivityLoginBinding, object id=TraceUtils@3D6B32A9}], com.android.tools.idea.databinding.BindingLayoutGroup@9019f63f=[LightBindingClass{qualified name=com.lta.airlock.databinding.RelojitemViewBinding, object id=TraceUtils@3D6B32A9}], com.android.tools.idea.databinding.BindingLayoutGroup@438db0b1=[LightBindingClass{qualified name=com.lta.airlock.databinding.FragmentFrCasualBinding, object id=TraceUtils@3D6B32A9}], com.android.tools.idea.databinding.BindingLayoutGroup@142dc248=[LightBindingClass{qualified name=com.lta.airlock.databinding.FragmentFrElegantBinding, object id=TraceUtils@3D6B32A9}], com.android.tools.idea.databinding.BindingLayoutGroup@1abe96c5=[LightBindingClass{qualified name=com.lta.airlock.databinding.FragmentFrSportsBinding, object id=TraceUtils@3D6B32A9}]]

Recomputation gives com.intellij.util.CachedValueBase$Data@191f9350 which is equivalent to 'fresh' [Plugin: org.jetbrains.android]
	at com.intellij.diagnostic.PluginProblemReporterImpl.createPluginExceptionByClass(PluginProblemReporterImpl.java:23)
	at com.intellij.diagnostic.PluginException.createByClass(PluginException.java:90)
	at com.intellij.util.IdempotenceChecker.reportFailure(IdempotenceChecker.java:97)
	at com.intellij.util.IdempotenceChecker.checkEquivalence(IdempotenceChecker.java:82)
	at com.intellij.util.CachedValueBase.getValueWithLock(CachedValueBase.java:246)
	at com.intellij.psi.impl.PsiCachedValueImpl.getValue(PsiCachedValueImpl.kt:34)
	at com.intellij.util.CachedValuesManagerImpl.getCachedValue(CachedValuesManagerImpl.java:83)
	at com.intellij.psi.util.CachedValuesManager.getCachedValue(CachedValuesManager.java:126)
	at com.android.tools.idea.databinding.module.LayoutBindingModuleCache.getLayoutGroupsAndLightClasses(LayoutBindingModuleCache.kt:191)
	at com.android.tools.idea.databinding.module.LayoutBindingModuleCache.getLightBindingClasses(LayoutBindingModuleCache.kt:232)
	at com.android.tools.idea.databinding.module.LayoutBindingModuleCache.getLightBindingClasses$default(LayoutBindingModuleCache.kt:229)
	at com.android.tools.idea.databinding.finders.BindingClassFinder$1.compute(BindingClassFinder.kt:60)
	at com.intellij.psi.impl.PsiCachedValueImpl.doCompute(PsiCachedValueImpl.kt:40)
	at com.intellij.util.CachedValueBase.lambda$getValueWithLock$3(CachedValueBase.java:236)
	at com.intellij.util.CachedValueBase.computeData(CachedValueBase.java:43)
	at com.intellij.util.CachedValueBase.lambda$getValueWithLock$4(CachedValueBase.java:236)
	at com.intellij.openapi.util.RecursionManager$1.computePreventingRecursion(RecursionManager.java:111)
	at com.intellij.openapi.util.RecursionGuard.doPreventingRecursion(RecursionGuard.java:27)
	at com.intellij.openapi.util.RecursionManager.doPreventingRecursion(RecursionManager.java:66)
	at com.intellij.util.CachedValueBase.getValueWithLock(CachedValueBase.java:237)
	at com.intellij.psi.impl.PsiCachedValueImpl.getValue(PsiCachedValueImpl.kt:34)
	at com.android.tools.idea.databinding.finders.BindingClassFinder$2.compute(BindingClassFinder.kt:68)
	at com.intellij.psi.impl.PsiCachedValueImpl.doCompute(PsiCachedValueImpl.kt:40)
	at com.intellij.util.CachedValueBase.lambda$getValueWithLock$3(CachedValueBase.java:236)
	at com.intellij.util.CachedValueBase.computeData(CachedValueBase.java:43)
	at com.intellij.util.CachedValueBase.lambda$getValueWithLock$4(CachedValueBase.java:236)
	at com.intellij.openapi.util.RecursionManager$1.computePreventingRecursion(RecursionManager.java:111)
	at com.intellij.openapi.util.RecursionGuard.doPreventingRecursion(RecursionGuard.java:27)
	at com.intellij.openapi.util.RecursionManager.doPreventingRecursion(RecursionManager.java:66)
	at com.intellij.util.CachedValueBase.getValueWithLock(CachedValueBase.java:237)
	at com.intellij.psi.impl.PsiCachedValueImpl.getValue(PsiCachedValueImpl.kt:34)
	at com.android.tools.idea.databinding.finders.BindingClassFinder.findClass(BindingClassFinder.kt:90)
	at com.intellij.psi.impl.JavaPsiFacadeImpl.doFindClass(JavaPsiFacadeImpl.java:95)
	at com.intellij.psi.impl.JavaPsiFacadeImpl.findClass(JavaPsiFacadeImpl.java:73)
	at com.intellij.psi.util.PsiSuperMethodUtil.correctClassByScope(PsiSuperMethodUtil.java:124)
	at com.intellij.psi.impl.TypeCorrector.correctType(TypeCorrector.java:43)
	at com.intellij.psi.impl.PsiClassImplUtil.correctType(PsiClassImplUtil.java:682)
	at com.intellij.codeInsight.daemon.impl.analysis.GenericsHighlightUtil.isTypeAccessible(GenericsHighlightUtil.java:1567)
	at com.intellij.codeInsight.daemon.impl.analysis.GenericsHighlightUtil.checkMemberSignatureTypesAccessibility(GenericsHighlightUtil.java:1533)
	at com.intellij.codeInsight.daemon.impl.analysis.HighlightVisitorImpl.visitReferenceExpression(HighlightVisitorImpl.java:1459)
	at com.intellij.psi.impl.source.tree.java.PsiReferenceExpressionImpl.accept(PsiReferenceExpressionImpl.java:785)
	at com.intellij.codeInsight.daemon.impl.analysis.HighlightVisitorImpl.visit(HighlightVisitorImpl.java:177)
	at com.intellij.codeInsight.daemon.impl.GeneralHighlightingPass.runVisitors(GeneralHighlightingPass.java:386)
	at com.intellij.codeInsight.daemon.impl.GeneralHighlightingPass.lambda$collectHighlights$7(GeneralHighlightingPass.java:303)
	at com.intellij.codeInsight.daemon.impl.GeneralHighlightingPass.analyzeByVisitors(GeneralHighlightingPass.java:346)
	at com.intellij.codeInsight.daemon.impl.GeneralHighlightingPass.lambda$analyzeByVisitors$9(GeneralHighlightingPass.java:349)
	at com.intellij.codeInsight.daemon.impl.analysis.JavaNamesHighlightVisitor.analyze(JavaNamesHighlightVisitor.java:57)
	at com.intellij.codeInsight.daemon.impl.GeneralHighlightingPass.analyzeByVisitors(GeneralHighlightingPass.java:349)
	at com.intellij.codeInsight.daemon.impl.GeneralHighlightingPass.lambda$analyzeByVisitors$9(GeneralHighlightingPass.java:349)
	at com.intellij.codeInsight.daemon.impl.analysis.HighlightVisitorImpl.analyze(HighlightVisitorImpl.java:211)
	at com.intellij.codeInsight.daemon.impl.GeneralHighlightingPass.analyzeByVisitors(GeneralHighlightingPass.java:349)
	at com.intellij.codeInsight.daemon.impl.GeneralHighlightingPass.lambda$analyzeByVisitors$9(GeneralHighlightingPass.java:349)
	at com.intellij.codeInsight.daemon.impl.DefaultHighlightVisitor.analyze(DefaultHighlightVisitor.java:51)
	at com.intellij.codeInsight.daemon.impl.GeneralHighlightingPass.analyzeByVisitors(GeneralHighlightingPass.java:349)
	at com.intellij.codeInsight.daemon.impl.GeneralHighlightingPass.lambda$collectHighlights$8(GeneralHighlightingPass.java:298)
	at com.intellij.codeInsight.daemon.impl.AnnotatorRunner.lambda$runAnnotatorsAsync$2(AnnotatorRunner.java:75)
	at com.intellij.concurrency.JobLauncherImpl.procInOrderAsync(JobLauncherImpl.java:537)
	at com.intellij.codeInsight.daemon.impl.AnnotatorRunner.runAnnotatorsAsync(AnnotatorRunner.java:70)
	at com.intellij.codeInsight.daemon.impl.GeneralHighlightingPass.collectHighlights(GeneralHighlightingPass.java:334)
	at com.intellij.codeInsight.daemon.impl.GeneralHighlightingPass.collectInformationWithProgress(GeneralHighlightingPass.java:240)
	at com.intellij.codeInsight.daemon.impl.ProgressableTextEditorHighlightingPass.doCollectInformation(ProgressableTextEditorHighlightingPass.java:80)
	at com.intellij.codeHighlighting.TextEditorHighlightingPass.collectInformation(TextEditorHighlightingPass.java:57)
	at com.intellij.codeInsight.daemon.impl.PassExecutorService$ScheduledPass.lambda$doRun$2(PassExecutorService.java:417)
	at com.intellij.platform.diagnostic.telemetry.helpers.TraceKt.runWithSpanIgnoreThrows(trace.kt:109)
	at com.intellij.platform.diagnostic.telemetry.helpers.TraceUtil.runWithSpanThrows(TraceUtil.java:34)
	at com.intellij.codeInsight.daemon.impl.PassExecutorService$ScheduledPass.lambda$doRun$3(PassExecutorService.java:412)
	at com.intellij.openapi.application.impl.RwLockHolder.tryRunReadAction(RwLockHolder.kt:310)
	at com.intellij.openapi.application.impl.ApplicationImpl.tryRunReadAction(ApplicationImpl.java:958)
	at com.intellij.codeInsight.daemon.impl.PassExecutorService$ScheduledPass.lambda$doRun$4(PassExecutorService.java:403)
	at com.intellij.openapi.progress.impl.CoreProgressManager.lambda$executeProcessUnderProgress$13(CoreProgressManager.java:660)
	at com.intellij.openapi.progress.impl.CoreProgressManager.registerIndicatorAndRun(CoreProgressManager.java:735)
	at com.intellij.openapi.progress.impl.CoreProgressManager.computeUnderProgress(CoreProgressManager.java:691)
	at com.intellij.openapi.progress.impl.CoreProgressManager.executeProcessUnderProgress(CoreProgressManager.java:659)
	at com.intellij.openapi.progress.impl.ProgressManagerImpl.executeProcessUnderProgress(ProgressManagerImpl.java:79)
	at com.intellij.codeInsight.daemon.impl.PassExecutorService$ScheduledPass.doRun(PassExecutorService.java:402)
	at com.intellij.codeInsight.daemon.impl.PassExecutorService$ScheduledPass.lambda$run$0(PassExecutorService.java:378)
	at com.intellij.openapi.fileTypes.impl.FileTypeManagerImpl.cacheFileTypesInside(FileTypeManagerImpl.java:795)
	at com.intellij.codeInsight.daemon.impl.PassExecutorService$ScheduledPass.lambda$run$1(PassExecutorService.java:378)
	at com.intellij.openapi.application.impl.ReadMostlyRWLock.executeByImpatientReader(ReadMostlyRWLock.java:199)
	at com.intellij.openapi.application.impl.RwLockHolder.executeByImpatientReader(RwLockHolder.kt:491)
	at com.intellij.openapi.application.impl.ApplicationImpl.executeByImpatientReader(ApplicationImpl.java:182)
	at com.intellij.codeInsight.daemon.impl.PassExecutorService$ScheduledPass.run(PassExecutorService.java:376)
	at com.intellij.concurrency.JobLauncherImpl$VoidForkJoinTask$1.exec(JobLauncherImpl.java:190)
	at java.base/java.util.concurrent.ForkJoinTask.doExec(ForkJoinTask.java:373)
	at java.base/java.util.concurrent.ForkJoinPool$WorkQueue.topLevelExec(ForkJoinPool.java:1182)
	at java.base/java.util.concurrent.ForkJoinPool.scan(ForkJoinPool.java:1655)
	at java.base/java.util.concurrent.ForkJoinPool.runWorker(ForkJoinPool.java:1622)
	at java.base/java.util.concurrent.ForkJoinWorkerThread.run(ForkJoinWorkerThread.java:165)
2024-10-24 15:19:51,025 [1927446] SEVERE - #c.i.u.IdempotenceChecker - Android Studio Koala Feature Drop | 2024.1.2  Build #AI-241.18034.62.2412.12266719
2024-10-24 15:19:51,025 [1927446] SEVERE - #c.i.u.IdempotenceChecker - JDK: 17.0.11; VM: OpenJDK 64-Bit Server VM; Vendor: JetBrains s.r.o.
2024-10-24 15:19:51,025 [1927446] SEVERE - #c.i.u.IdempotenceChecker - OS: Linux
2024-10-24 15:19:51,025 [1927446] SEVERE - #c.i.u.IdempotenceChecker - Last Action: NewDir
2024-10-24 15:19:51,025 [1927446] SEVERE - #c.i.u.IdempotenceChecker - Current Command: Moving class com.lta.airlock.FrCasual, class com.lta.airlock.FrElegant, class com.lta.airlock.FrSports to package Fragments
2024-10-24 15:20:08,840 [1945261]   WARN - #c.i.i.a.CopyTBXReferenceAction - Cannot find TBX tool for IDE: AndroidStudio
2024-10-24 15:20:29,168 [1965589]   WARN - #c.i.i.a.CopyTBXReferenceAction - Cannot find TBX tool for IDE: AndroidStudio
2024-10-24 15:20:46,904 [1983325]   WARN - #c.i.i.a.CopyTBXReferenceAction - Cannot find TBX tool for IDE: AndroidStudio
2024-10-24 15:25:43,161 [2279582]   WARN - #c.i.i.a.CopyTBXReferenceAction - Cannot find TBX tool for IDE: AndroidStudio
2024-10-24 15:39:15,669 [3092090] SEVERE - #c.i.o.e.i.ExtensionPointImpl - Element: class com.intellij.psi.impl.source.tree.java.PsiIdentifierImpl #JAVA  because: containing file is null; hierarchy=class com.intellij.psi.impl.source.tree.java.PsiReferenceExpressionImpl, class com.intellij.psi.impl.source.tree.java.PsiMethodCallExpressionImpl, class com.intellij.psi.impl.source.PsiFieldImpl, context=null, contextFile=null
invalidated at: see attachment; com.intellij.psi.impl.source.tree.java.PsiIdentifierImpl:IDENTIFIER / com.intellij.psi.impl.source.tree.java.PsiReferenceExpressionImpl:REFERENCE_EXPRESSION / com.intellij.psi.impl.source.tree.java.PsiMethodCallExpressionImpl:METHOD_CALL_EXPRESSION / com.intellij.psi.impl.source.tree.java.FieldElement:FIELD [Plugin: com.intellij]
com.intellij.diagnostic.PluginException: Element: class com.intellij.psi.impl.source.tree.java.PsiIdentifierImpl #JAVA  because: containing file is null; hierarchy=class com.intellij.psi.impl.source.tree.java.PsiReferenceExpressionImpl, class com.intellij.psi.impl.source.tree.java.PsiMethodCallExpressionImpl, class com.intellij.psi.impl.source.PsiFieldImpl, context=null, contextFile=null
invalidated at: see attachment; com.intellij.psi.impl.source.tree.java.PsiIdentifierImpl:IDENTIFIER / com.intellij.psi.impl.source.tree.java.PsiReferenceExpressionImpl:REFERENCE_EXPRESSION / com.intellij.psi.impl.source.tree.java.PsiMethodCallExpressionImpl:METHOD_CALL_EXPRESSION / com.intellij.psi.impl.source.tree.java.FieldElement:FIELD [Plugin: com.intellij]
	at com.intellij.serviceContainer.ComponentManagerImpl.createError(ComponentManagerImpl.kt:978)
	at com.intellij.openapi.extensions.ExtensionPointName.forEachExtensionSafe(ExtensionPointName.kt:355)
	at com.intellij.openapi.editor.impl.event.EditorEventMulticasterImpl$2.mouseReleased(EditorEventMulticasterImpl.java:78)
	at com.intellij.openapi.editor.impl.EditorImpl$MyMouseAdapter.runMouseReleasedCommand(EditorImpl.java:4213)
	at com.intellij.openapi.editor.impl.EditorImpl$MyMouseAdapter.mouseReleased(EditorImpl.java:4110)
	at java.desktop/java.awt.Component.processMouseEvent(Component.java:6657)
	at java.desktop/javax.swing.JComponent.processMouseEvent(JComponent.java:3385)
	at java.desktop/java.awt.Component.processEvent(Component.java:6422)
	at java.desktop/java.awt.Container.processEvent(Container.java:2266)
	at java.desktop/java.awt.Component.dispatchEventImpl(Component.java:5027)
	at java.desktop/java.awt.Container.dispatchEventImpl(Container.java:2324)
	at java.desktop/java.awt.Component.dispatchEvent(Component.java:4855)
	at java.desktop/java.awt.LightweightDispatcher.retargetMouseEvent(Container.java:4969)
	at java.desktop/java.awt.LightweightDispatcher.processMouseEvent(Container.java:4583)
	at java.desktop/java.awt.LightweightDispatcher.dispatchEvent(Container.java:4524)
	at java.desktop/java.awt.Container.dispatchEventImpl(Container.java:2310)
	at java.desktop/java.awt.Window.dispatchEventImpl(Window.java:2809)
	at java.desktop/java.awt.Component.dispatchEvent(Component.java:4855)
	at java.desktop/java.awt.EventQueue.dispatchEventImpl(EventQueue.java:794)
	at java.desktop/java.awt.EventQueue$3.run(EventQueue.java:739)
	at java.desktop/java.awt.EventQueue$3.run(EventQueue.java:733)
	at java.base/java.security.AccessController.doPrivileged(AccessController.java:399)
	at java.base/java.security.ProtectionDomain$JavaSecurityAccessImpl.doIntersectionPrivilege(ProtectionDomain.java:86)
	at java.base/java.security.ProtectionDomain$JavaSecurityAccessImpl.doIntersectionPrivilege(ProtectionDomain.java:97)
	at java.desktop/java.awt.EventQueue$4.run(EventQueue.java:766)
	at java.desktop/java.awt.EventQueue$4.run(EventQueue.java:764)
	at java.base/java.security.AccessController.doPrivileged(AccessController.java:399)
	at java.base/java.security.ProtectionDomain$JavaSecurityAccessImpl.doIntersectionPrivilege(ProtectionDomain.java:86)
	at java.desktop/java.awt.EventQueue.dispatchEvent(EventQueue.java:763)
	at com.intellij.ide.IdeEventQueue.defaultDispatchEvent(IdeEventQueue.kt:699)
	at com.intellij.ide.IdeEventQueue.dispatchMouseEvent(IdeEventQueue.kt:638)
	at com.intellij.ide.IdeEventQueue._dispatchEvent$lambda$10(IdeEventQueue.kt:584)
	at com.intellij.openapi.application.impl.RwLockHolder.runWithEnabledImplicitRead(RwLockHolder.kt:138)
	at com.intellij.openapi.application.impl.RwLockHolder.runWithImplicitRead(RwLockHolder.kt:129)
	at com.intellij.ide.IdeEventQueue._dispatchEvent(IdeEventQueue.kt:584)
	at com.intellij.ide.IdeEventQueue.access$_dispatchEvent(IdeEventQueue.kt:77)
	at com.intellij.ide.IdeEventQueue$dispatchEvent$processEventRunnable$1$1$1.compute(IdeEventQueue.kt:362)
	at com.intellij.ide.IdeEventQueue$dispatchEvent$processEventRunnable$1$1$1.compute(IdeEventQueue.kt:361)
	at com.intellij.openapi.progress.impl.CoreProgressManager.computePrioritized(CoreProgressManager.java:843)
	at com.intellij.ide.IdeEventQueue$dispatchEvent$processEventRunnable$1$1.invoke(IdeEventQueue.kt:361)
	at com.intellij.ide.IdeEventQueue$dispatchEvent$processEventRunnable$1$1.invoke(IdeEventQueue.kt:356)
	at com.intellij.ide.IdeEventQueueKt.performActivity$lambda$1(IdeEventQueue.kt:1022)
	at com.intellij.openapi.application.TransactionGuardImpl.performActivity(TransactionGuardImpl.java:114)
	at com.intellij.ide.IdeEventQueueKt.performActivity(IdeEventQueue.kt:1022)
	at com.intellij.ide.IdeEventQueue.dispatchEvent$lambda$7(IdeEventQueue.kt:356)
	at com.intellij.openapi.application.impl.RwLockHolder.runIntendedWriteActionOnCurrentThread(RwLockHolder.kt:209)
	at com.intellij.openapi.application.impl.ApplicationImpl.runIntendedWriteActionOnCurrentThread(ApplicationImpl.java:830)
	at com.intellij.ide.IdeEventQueue.dispatchEvent(IdeEventQueue.kt:398)
	at java.desktop/java.awt.EventDispatchThread.pumpOneEventForFilters(EventDispatchThread.java:207)
	at java.desktop/java.awt.EventDispatchThread.pumpEventsForFilter(EventDispatchThread.java:128)
	at java.desktop/java.awt.EventDispatchThread.pumpEventsForHierarchy(EventDispatchThread.java:117)
	at java.desktop/java.awt.EventDispatchThread.pumpEvents(EventDispatchThread.java:113)
	at java.desktop/java.awt.EventDispatchThread.pumpEvents(EventDispatchThread.java:105)
	at java.desktop/java.awt.EventDispatchThread.run(EventDispatchThread.java:92)
Caused by: com.intellij.psi.PsiInvalidElementAccessException: Element: class com.intellij.psi.impl.source.tree.java.PsiIdentifierImpl #JAVA  because: containing file is null; hierarchy=class com.intellij.psi.impl.source.tree.java.PsiReferenceExpressionImpl, class com.intellij.psi.impl.source.tree.java.PsiMethodCallExpressionImpl, class com.intellij.psi.impl.source.PsiFieldImpl, context=null, contextFile=null
invalidated at: see attachment; com.intellij.psi.impl.source.tree.java.PsiIdentifierImpl:IDENTIFIER / com.intellij.psi.impl.source.tree.java.PsiReferenceExpressionImpl:REFERENCE_EXPRESSION / com.intellij.psi.impl.source.tree.java.PsiMethodCallExpressionImpl:METHOD_CALL_EXPRESSION / com.intellij.psi.impl.source.tree.java.FieldElement:FIELD
	at com.intellij.psi.impl.source.tree.LeafPsiElement.invalid(LeafPsiElement.java:88)
	at com.intellij.psi.impl.source.tree.LeafPsiElement.getContainingFile(LeafPsiElement.java:72)
	at com.intellij.codeInsight.daemon.problems.pass.ProjectProblemUtils.showProblems(ProjectProblemUtils.java:63)
	at com.intellij.codeInsight.daemon.problems.pass.ClickHandler.invoke(ProjectProblemCodeVisionProvider.kt:192)
	at com.intellij.codeInsight.daemon.problems.pass.ClickHandler.invoke(ProjectProblemCodeVisionProvider.kt:184)
	at com.intellij.codeInsight.codeVision.ui.model.ClickableRichTextCodeVisionEntry.onClick(RichTextCodeVisionEntry.kt:32)
	at com.intellij.codeInsight.hints.codeVision.DaemonBoundCodeVisionProvider.handleClick(DaemonBoundCodeVisionProvider.kt:37)
	at com.intellij.codeInsight.hints.codeVision.CodeVisionProviderAdapter.handleClick(CodeVisionProviderAdapter.kt:61)
	at com.intellij.codeInsight.codeVision.CodeVisionHost.handleLensClick(CodeVisionHost.kt:263)
	at com.intellij.codeInsight.codeVision.ui.model.ProjectCodeVisionModel.handleLensClick(ProjectCodeVisionModelImpl.kt:36)
	at com.intellij.codeInsight.codeVision.ui.model.RangeCodeVisionModel.handleLensClick(RangeCodeVisionModel.kt:31)
	at com.intellij.codeInsight.codeVision.ui.renderers.CodeVisionInlayRendererBase.handleLeftClick(CodeVisionInlayRendererBase.kt:113)
	at com.intellij.codeInsight.codeVision.ui.renderers.CodeVisionInlayRendererBase.mouseReleased(CodeVisionInlayRendererBase.kt:102)
	at com.intellij.codeInsight.hints.presentation.listeners.InlayEditorMouseListener$mouseReleased$1.invoke(InlayEditorMouseListener.kt:31)
	at com.intellij.codeInsight.hints.presentation.listeners.InlayEditorMouseListener$mouseReleased$1.invoke(InlayEditorMouseListener.kt:30)
	at com.intellij.codeInsight.hints.presentation.listeners.InlayEditorMouseListener.handleMouseAction(InlayEditorMouseListener.kt:46)
	at com.intellij.codeInsight.hints.presentation.listeners.InlayEditorMouseListener.mouseReleased(InlayEditorMouseListener.kt:30)
	at com.intellij.openapi.editor.impl.event.EditorEventMulticasterImpl$2.lambda$mouseReleased$2(EditorEventMulticasterImpl.java:78)
	at com.intellij.openapi.extensions.ExtensionPointName.forEachExtensionSafe(ExtensionPointName.kt:61)
	... 52 more
2024-10-24 15:39:15,671 [3092092] SEVERE - #c.i.o.e.i.ExtensionPointImpl - Android Studio Koala Feature Drop | 2024.1.2  Build #AI-241.18034.62.2412.12266719
2024-10-24 15:39:15,671 [3092092] SEVERE - #c.i.o.e.i.ExtensionPointImpl - JDK: 17.0.11; VM: OpenJDK 64-Bit Server VM; Vendor: JetBrains s.r.o.
2024-10-24 15:39:15,671 [3092092] SEVERE - #c.i.o.e.i.ExtensionPointImpl - OS: Linux
2024-10-24 15:39:15,671 [3092092] SEVERE - #c.i.o.e.i.ExtensionPointImpl - Last Action: Run
WARNING: A terminally deprecated method in java.lang.System has been called
WARNING: System::setSecurityManager has been called by com.android.tools.rendering.security.RenderSecurityManager
WARNING: Please consider reporting this to the maintainers of com.android.tools.rendering.security.RenderSecurityManager
WARNING: System::setSecurityManager will be removed in a future release
Exception in thread "ApplicationImpl pooled thread 154" com.intellij.openapi.progress.ProcessCanceledException
	at com.android.tools.idea.lint.common.LintIdeClient.runReadAction(LintIdeClient.java:253)
	at com.android.tools.lint.client.api.LintDriver$LintClientWrapper.runReadAction(LintDriver.kt:2745)
	at com.android.tools.lint.client.api.LintDriver.initializeManifests(LintDriver.kt:1154)
	at com.android.tools.lint.client.api.LintDriver.checkProject(LintDriver.kt:1049)
	at com.android.tools.lint.client.api.LintDriver.checkProjectRoot(LintDriver.kt:622)
	at com.android.tools.lint.client.api.LintDriver.access$checkProjectRoot(LintDriver.kt:174)
	at com.android.tools.lint.client.api.LintDriver$analyze$1.invoke(LintDriver.kt:424)
	at com.android.tools.lint.client.api.LintDriver$analyze$1.invoke(LintDriver.kt:421)
	at com.android.tools.lint.client.api.LintDriver.doAnalyze(LintDriver.kt:501)
	at com.android.tools.lint.client.api.LintDriver.doAnalyze$default(LintDriver.kt:477)
	at com.android.tools.lint.client.api.LintDriver.analyze(LintDriver.kt:421)
	at com.android.tools.idea.lint.common.LintExternalAnnotator.doAnnotate(LintExternalAnnotator.kt:237)
	at com.android.tools.idea.common.lint.ModelLintIssueAnnotator.getAnnotations(ModelLintIssueAnnotator.java:122)
	at com.android.tools.idea.common.lint.ModelLintIssueAnnotator.lambda$annotateRenderInformationToLint$0(ModelLintIssueAnnotator.java:83)
	at com.intellij.openapi.application.impl.RwLockHolder.runReadAction(RwLockHolder.kt:271)
	at com.intellij.openapi.application.impl.ApplicationImpl.runReadAction(ApplicationImpl.java:845)
	at com.android.tools.idea.common.lint.ModelLintIssueAnnotator.lambda$annotateRenderInformationToLint$2(ModelLintIssueAnnotator.java:83)
	at java.base/java.util.concurrent.ThreadPoolExecutor.runWorker(ThreadPoolExecutor.java:1136)
	at java.base/java.util.concurrent.ThreadPoolExecutor$Worker.run(ThreadPoolExecutor.java:635)
	at java.base/java.util.concurrent.Executors$PrivilegedThreadFactory$1$1.run(Executors.java:702)
	at java.base/java.util.concurrent.Executors$PrivilegedThreadFactory$1$1.run(Executors.java:699)
	at java.base/java.security.AccessController.doPrivileged(AccessController.java:399)
	at java.base/java.util.concurrent.Executors$PrivilegedThreadFactory$1.run(Executors.java:699)
	at java.base/java.lang.Thread.run(Thread.java:840)
